android/android-switch-backport/build/intermediates/manifest_merge_blame_file/release/manifest-merger-blame-release-report.txt
1<?xml version="1.0" encoding="utf-8"?>
2<!--
3     This source is part of the
4          _____  ___   ____
5      __ / / _ \/ _ | / __/___  _______ _
6     / // / , _/ __ |/ _/_/ _ \/ __/ _ `/
7     \___/_/|_/_/ |_/_/ (_)___/_/  \_, /
8                                  /___/
9     repository.
10
11     Copyright (C) 2012 Benoit 'BoD' Lubek (BoD@JRAF.org)
12     Copyright (C) 2006 The Android Open Source Project
13
14     Licensed under the Apache License, Version 2.0 (the "License");
15     you may not use this file except in compliance with the License.
16     You may obtain a copy of the License at
17
18          http://www.apache.org/licenses/LICENSE-2.0
19
20     Unless required by applicable law or agreed to in writing, software
21     distributed under the License is distributed on an "AS IS" BASIS,
22     WITHOUT WARRANTIES OR CONDITIONS OF ANY KIND, either express or implied.
23     See the License for the specific language governing permissions and
24     limitations under the License.
25-->
26<manifest xmlns:android="http://schemas.android.com/apk/res/android"
27    package="org.jraf.android.backport.switchwidget"
28    android:versionCode="1"
29    android:versionName="1.0" >
30
31    <uses-sdk
32        android:minSdkVersion="14"
32-->third_party/android-switch-backport/AndroidManifest.xml
33        android:targetSdkVersion="28" />
33-->third_party/android-switch-backport/AndroidManifest.xml
34
35</manifest>